TN:
SF:/home/balraj/Desktop/Coding/angular-ui/src/polyfills.ts
FNF:0
FNH:0
LF:0
LH:0
BRF:0
BRH:0
end_of_record
TN:
SF:/home/balraj/Desktop/Coding/angular-ui/src/test.ts
FNF:0
FNH:0
DA:6,1
DA:9,1
DA:10,1
DA:12,1
LF:4
LH:4
BRF:0
BRH:0
end_of_record
TN:
SF:/home/balraj/Desktop/Coding/angular-ui/src/app/app-routing.module.ts
FN:19,(anonymous_0)
FN:19,(anonymous_1)
FN:24,(anonymous_2)
FN:24,(anonymous_3)
FN:29,(anonymous_4)
FN:31,(anonymous_5)
FN:37,(anonymous_6)
FN:38,(anonymous_7)
FNF:8
FNH:0
FNDA:0,(anonymous_0)
FNDA:0,(anonymous_1)
FNDA:0,(anonymous_2)
FNDA:0,(anonymous_3)
FNDA:0,(anonymous_4)
FNDA:0,(anonymous_5)
FNDA:0,(anonymous_6)
FNDA:0,(anonymous_7)
DA:6,1
DA:19,0
DA:24,0
DA:30,0
DA:31,0
DA:38,0
DA:48,1
LF:7
LH:2
BRF:0
BRH:0
end_of_record
TN:
SF:/home/balraj/Desktop/Coding/angular-ui/src/app/app.component.ts
FN:9,(anonymous_0)
FN:11,(anonymous_1)
FNF:2
FNH:1
FNDA:1,(anonymous_0)
FNDA:0,(anonymous_1)
DA:8,1
LF:1
LH:1
BRF:0
BRH:0
end_of_record
TN:
SF:/home/balraj/Desktop/Coding/angular-ui/src/app/app.module.ts
FNF:0
FNH:0
DA:48,1
LF:1
LH:1
BRF:0
BRH:0
end_of_record
TN:
SF:/home/balraj/Desktop/Coding/angular-ui/src/app/authentication/authentication-routing.module.ts
FNF:0
FNH:0
DA:7,1
DA:26,1
LF:2
LH:2
BRF:0
BRH:0
end_of_record
TN:
SF:/home/balraj/Desktop/Coding/angular-ui/src/app/authentication/authentication.actions.ts
FN:3,(anonymous_0)
FN:16,(anonymous_1)
FN:23,(anonymous_2)
FN:30,(anonymous_3)
FNF:4
FNH:1
FNDA:1,(anonymous_0)
FNDA:0,(anonymous_1)
FNDA:0,(anonymous_2)
FNDA:0,(anonymous_3)
DA:3,1
DA:4,1
DA:5,1
DA:6,1
DA:15,0
DA:16,0
DA:17,0
DA:22,0
DA:23,0
DA:24,0
DA:29,0
DA:30,0
DA:31,0
LF:13
LH:4
BRDA:3,0,0,1
BRDA:3,0,1,1
BRF:2
BRH:2
end_of_record
TN:
SF:/home/balraj/Desktop/Coding/angular-ui/src/app/authentication/authentication.guard.ts
FN:14,(anonymous_0)
FN:16,(anonymous_1)
FN:35,(anonymous_2)
FNF:3
FNH:1
FNDA:1,(anonymous_0)
FNDA:0,(anonymous_1)
FNDA:0,(anonymous_2)
DA:13,1
DA:14,1
DA:17,0
DA:18,0
DA:19,0
DA:20,0
DA:21,0
DA:23,0
DA:24,0
DA:25,0
DA:28,0
DA:29,0
DA:30,0
DA:32,0
DA:36,0
DA:37,0
DA:38,0
DA:39,0
LF:18
LH:2
BRDA:17,0,0,0
BRDA:17,0,1,0
BRDA:20,1,0,0
BRDA:20,1,1,0
BRDA:20,2,0,0
BRDA:20,2,1,0
BRDA:20,2,2,0
BRDA:38,3,0,0
BRDA:38,3,1,0
BRF:9
BRH:0
end_of_record
TN:
SF:/home/balraj/Desktop/Coding/angular-ui/src/app/authentication/authentication.module.ts
FNF:0
FNH:0
DA:33,1
LF:1
LH:1
BRF:0
BRH:0
end_of_record
TN:
SF:/home/balraj/Desktop/Coding/angular-ui/src/app/authentication/authentication.reducer.ts
FN:17,(anonymous_0)
FNF:1
FNH:1
FNDA:9,(anonymous_0)
DA:10,1
DA:17,1
DA:18,9
DA:20,0
DA:26,0
DA:32,0
DA:38,9
LF:7
LH:4
BRDA:17,0,0,9
BRDA:19,1,0,0
BRDA:19,1,1,0
BRDA:19,1,2,0
BRDA:19,1,3,9
BRF:5
BRH:2
end_of_record
TN:
SF:/home/balraj/Desktop/Coding/angular-ui/src/app/authentication/authentication.service.ts
FN:8,(anonymous_0)
FN:10,(anonymous_1)
FN:14,(anonymous_2)
FN:18,(anonymous_3)
FN:24,(anonymous_4)
FNF:5
FNH:2
FNDA:2,(anonymous_0)
FNDA:0,(anonymous_1)
FNDA:1,(anonymous_2)
FNDA:0,(anonymous_3)
FNDA:0,(anonymous_4)
DA:5,1
DA:6,2
DA:8,2
DA:11,0
DA:15,1
DA:19,0
DA:25,0
LF:7
LH:4
BRF:0
BRH:0
end_of_record
TN:
SF:/home/balraj/Desktop/Coding/angular-ui/src/app/authentication/user.service.ts
FN:13,(anonymous_0)
FN:15,(anonymous_1)
FN:19,(anonymous_2)
FN:23,(anonymous_3)
FN:28,(anonymous_4)
FN:32,(anonymous_5)
FN:38,(anonymous_6)
FN:42,(anonymous_7)
FN:46,(anonymous_8)
FNF:9
FNH:7
FNDA:9,(anonymous_0)
FNDA:7,(anonymous_1)
FNDA:1,(anonymous_2)
FNDA:1,(anonymous_3)
FNDA:2,(anonymous_4)
FNDA:1,(anonymous_5)
FNDA:6,(anonymous_6)
FNDA:0,(anonymous_7)
FNDA:0,(anonymous_8)
DA:8,1
DA:9,9
DA:13,9
DA:16,7
DA:20,1
DA:24,1
DA:25,1
DA:29,2
DA:33,1
DA:39,6
DA:43,0
DA:47,0
LF:12
LH:10
BRDA:10,0,0,1
BRDA:10,0,1,8
BRDA:34,1,0,0
BRDA:34,1,1,1
BRDA:39,2,0,0
BRDA:39,2,1,6
BRF:6
BRH:4
end_of_record
TN:
SF:/home/balraj/Desktop/Coding/angular-ui/src/app/authentication/login/login.component.ts
FN:17,(anonymous_0)
FN:19,(anonymous_1)
FN:22,(anonymous_2)
FN:34,(anonymous_3)
FNF:4
FNH:2
FNDA:1,(anonymous_0)
FNDA:0,(anonymous_1)
FNDA:0,(anonymous_2)
FNDA:1,(anonymous_3)
DA:10,1
DA:11,1
DA:15,1
DA:17,1
DA:20,0
DA:23,0
DA:24,0
DA:25,0
DA:26,0
DA:27,0
DA:29,0
DA:35,1
DA:36,1
LF:13
LH:6
BRDA:23,0,0,0
BRDA:23,0,1,0
BRDA:23,1,0,0
BRDA:23,1,1,0
BRF:4
BRH:0
end_of_record
TN:
SF:/home/balraj/Desktop/Coding/angular-ui/src/app/authentication/registration/registration.component.ts
FN:23,(anonymous_0)
FN:29,(anonymous_1)
FN:43,(anonymous_2)
FN:47,(anonymous_3)
FN:57,(anonymous_4)
FNF:5
FNH:2
FNDA:1,(anonymous_0)
FNDA:0,(anonymous_1)
FNDA:0,(anonymous_2)
FNDA:0,(anonymous_3)
FNDA:1,(anonymous_4)
DA:13,1
DA:14,1
DA:21,1
DA:24,1
DA:25,1
DA:26,1
DA:30,0
DA:31,0
DA:36,0
DA:39,0
DA:44,0
DA:45,0
DA:48,0
DA:49,0
DA:51,0
LF:15
LH:6
BRDA:30,0,0,0
BRDA:30,0,1,0
BRDA:44,1,0,0
BRDA:44,1,1,0
BRDA:48,2,0,0
BRDA:48,2,1,0
BRF:6
BRH:0
end_of_record
TN:
SF:/home/balraj/Desktop/Coding/angular-ui/src/app/authentication/registration-preview/registration-preview.component.ts
FN:17,(anonymous_0)
FN:22,(anonymous_1)
FN:23,(anonymous_2)
FN:30,(anonymous_3)
FNF:4
FNH:2
FNDA:1,(anonymous_0)
FNDA:0,(anonymous_1)
FNDA:0,(anonymous_2)
FNDA:1,(anonymous_3)
DA:10,1
DA:11,1
DA:18,1
DA:19,1
DA:23,0
DA:24,0
DA:25,0
DA:31,1
DA:32,1
DA:33,1
LF:10
LH:7
BRDA:24,0,0,0
BRDA:24,0,1,0
BRDA:24,1,0,0
BRDA:24,1,1,0
BRDA:32,2,0,1
BRDA:32,2,1,0
BRF:6
BRH:1
end_of_record
TN:
SF:/home/balraj/Desktop/Coding/angular-ui/src/app/home/home.component.ts
FN:13,(anonymous_0)
FN:18,(anonymous_1)
FN:23,(anonymous_2)
FN:30,(anonymous_3)
FN:34,(anonymous_4)
FN:41,(anonymous_5)
FN:55,(anonymous_6)
FN:65,(anonymous_7)
FN:73,(anonymous_8)
FNF:9
FNH:3
FNDA:1,(anonymous_0)
FNDA:1,(anonymous_1)
FNDA:0,(anonymous_2)
FNDA:0,(anonymous_3)
FNDA:0,(anonymous_4)
FNDA:0,(anonymous_5)
FNDA:0,(anonymous_6)
FNDA:0,(anonymous_7)
FNDA:1,(anonymous_8)
DA:10,1
DA:11,1
DA:14,1
DA:15,1
DA:19,1
DA:20,1
DA:21,1
DA:23,0
DA:24,0
DA:25,0
DA:31,0
DA:32,0
DA:35,0
DA:36,0
DA:42,0
DA:44,0
DA:49,0
DA:50,0
DA:51,0
DA:52,0
DA:53,0
DA:56,0
DA:57,0
DA:61,0
DA:62,0
DA:63,0
DA:66,0
DA:67,0
DA:74,1
LF:29
LH:8
BRDA:20,0,0,1
BRDA:20,0,1,0
BRDA:20,1,0,1
BRDA:20,1,1,1
BRDA:24,2,0,0
BRDA:24,2,1,0
BRDA:24,3,0,0
BRDA:24,3,1,0
BRDA:35,4,0,0
BRDA:35,4,1,0
BRDA:35,5,0,0
BRDA:35,5,1,0
BRDA:49,6,0,0
BRDA:49,6,1,0
BRDA:56,7,0,0
BRDA:56,7,1,0
BRDA:56,8,0,0
BRDA:56,8,1,0
BRDA:66,9,0,0
BRDA:66,9,1,0
BRDA:66,10,0,0
BRDA:66,10,1,0
BRF:22
BRH:3
end_of_record
TN:
SF:/home/balraj/Desktop/Coding/angular-ui/src/app/home/home.service.ts
FN:8,(anonymous_0)
FN:10,(anonymous_1)
FN:14,(anonymous_2)
FN:20,(anonymous_3)
FN:24,(anonymous_4)
FNF:5
FNH:1
FNDA:2,(anonymous_0)
FNDA:0,(anonymous_1)
FNDA:0,(anonymous_2)
FNDA:0,(anonymous_3)
FNDA:0,(anonymous_4)
DA:7,1
DA:8,2
DA:11,0
DA:15,0
DA:21,0
DA:25,0
LF:6
LH:2
BRF:0
BRH:0
end_of_record
TN:
SF:/home/balraj/Desktop/Coding/angular-ui/src/app/layout/menu.service.ts
FN:10,(anonymous_0)
FN:12,(anonymous_1)
FN:16,(anonymous_2)
FN:22,(anonymous_3)
FN:30,(anonymous_4)
FN:32,(anonymous_5)
FNF:6
FNH:6
FNDA:6,(anonymous_0)
FNDA:2,(anonymous_1)
FNDA:2,(anonymous_2)
FNDA:6,(anonymous_3)
FNDA:1,(anonymous_4)
FNDA:1,(anonymous_5)
DA:7,1
DA:8,6
DA:10,6
DA:13,2
DA:17,2
DA:18,2
DA:19,0
DA:21,2
DA:22,2
DA:23,6
DA:24,1
DA:26,5
DA:31,1
DA:32,1
DA:33,1
DA:34,1
DA:37,1
LF:17
LH:16
BRDA:18,0,0,0
BRDA:18,0,1,2
BRDA:23,1,0,1
BRDA:23,1,1,5
BRDA:33,2,0,1
BRDA:33,2,1,0
BRF:6
BRH:4
end_of_record
TN:
SF:/home/balraj/Desktop/Coding/angular-ui/src/app/layout/app-header/app-header.component.ts
FN:13,(anonymous_0)
FN:15,(anonymous_1)
FN:19,(anonymous_2)
FN:23,(anonymous_3)
FN:24,(anonymous_4)
FN:29,(anonymous_5)
FN:33,(anonymous_6)
FN:37,(anonymous_7)
FN:38,(anonymous_8)
FN:47,(anonymous_9)
FN:52,(anonymous_10)
FNF:11
FNH:5
FNDA:2,(anonymous_0)
FNDA:0,(anonymous_1)
FNDA:0,(anonymous_2)
FNDA:1,(anonymous_3)
FNDA:1,(anonymous_4)
FNDA:0,(anonymous_5)
FNDA:4,(anonymous_6)
FNDA:0,(anonymous_7)
FNDA:0,(anonymous_8)
FNDA:0,(anonymous_9)
FNDA:1,(anonymous_10)
DA:10,1
DA:11,2
DA:13,2
DA:16,0
DA:20,0
DA:24,1
DA:25,1
DA:30,0
DA:34,4
DA:38,0
DA:39,0
DA:40,0
DA:41,0
DA:42,0
DA:48,0
DA:53,1
LF:16
LH:7
BRDA:39,0,0,0
BRDA:39,0,1,0
BRF:2
BRH:0
end_of_record
TN:
SF:/home/balraj/Desktop/Coding/angular-ui/src/app/layout/app-menu/app-menu.component.ts
FN:14,(anonymous_0)
FN:19,(anonymous_1)
FN:23,(anonymous_2)
FN:24,(anonymous_3)
FN:29,(anonymous_4)
FN:33,(anonymous_5)
FN:34,(anonymous_6)
FNF:7
FNH:6
FNDA:2,(anonymous_0)
FNDA:2,(anonymous_1)
FNDA:1,(anonymous_2)
FNDA:1,(anonymous_3)
FNDA:0,(anonymous_4)
FNDA:1,(anonymous_5)
FNDA:1,(anonymous_6)
DA:10,1
DA:11,2
DA:12,2
DA:15,2
DA:16,2
DA:20,2
DA:24,1
DA:25,1
DA:30,0
DA:34,1
DA:35,1
DA:36,1
DA:37,1
LF:13
LH:12
BRDA:35,0,0,1
BRDA:35,0,1,0
BRF:2
BRH:1
end_of_record
TN:
SF:/home/balraj/Desktop/Coding/angular-ui/src/app/locations/location.service.ts
FN:6,(anonymous_0)
FN:8,(anonymous_1)
FN:12,(anonymous_2)
FN:16,(anonymous_3)
FN:20,(anonymous_4)
FN:27,(anonymous_5)
FNF:6
FNH:2
FNDA:3,(anonymous_0)
FNDA:1,(anonymous_1)
FNDA:0,(anonymous_2)
FNDA:0,(anonymous_3)
FNDA:0,(anonymous_4)
FNDA:0,(anonymous_5)
DA:5,1
DA:6,3
DA:9,1
DA:13,0
DA:17,0
DA:21,0
DA:28,0
LF:7
LH:3
BRF:0
BRH:0
end_of_record
TN:
SF:/home/balraj/Desktop/Coding/angular-ui/src/app/locations/locations-routing.module.ts
FNF:0
FNH:0
DA:6,1
DA:25,1
LF:2
LH:2
BRF:0
BRH:0
end_of_record
TN:
SF:/home/balraj/Desktop/Coding/angular-ui/src/app/locations/locations.module.ts
FNF:0
FNH:0
DA:24,1
LF:1
LH:1
BRF:0
BRH:0
end_of_record
TN:
SF:/home/balraj/Desktop/Coding/angular-ui/src/app/locations/add-location/add-location.component.ts
FN:24,(anonymous_0)
FN:31,(anonymous_1)
FN:44,(anonymous_2)
FN:51,(anonymous_3)
FN:64,(anonymous_4)
FN:71,(anonymous_5)
FN:72,(anonymous_6)
FN:79,(anonymous_7)
FN:92,(anonymous_8)
FN:96,(anonymous_9)
FN:97,(anonymous_10)
FNF:11
FNH:3
FNDA:1,(anonymous_0)
FNDA:0,(anonymous_1)
FNDA:0,(anonymous_2)
FNDA:0,(anonymous_3)
FNDA:0,(anonymous_4)
FNDA:0,(anonymous_5)
FNDA:0,(anonymous_6)
FNDA:0,(anonymous_7)
FNDA:0,(anonymous_8)
FNDA:1,(anonymous_9)
FNDA:1,(anonymous_10)
DA:11,1
DA:12,1
DA:13,1
DA:15,1
DA:25,1
DA:26,1
DA:27,1
DA:28,1
DA:32,0
DA:36,0
DA:40,0
DA:41,0
DA:42,0
DA:44,0
DA:45,0
DA:46,0
DA:52,0
DA:57,0
DA:61,0
DA:62,0
DA:64,0
DA:65,0
DA:66,0
DA:72,0
DA:73,0
DA:74,0
DA:80,0
DA:88,0
DA:89,0
DA:93,0
DA:97,1
DA:98,1
DA:99,0
LF:33
LH:10
BRDA:45,0,0,0
BRDA:45,0,1,0
BRDA:45,1,0,0
BRDA:45,1,1,0
BRDA:65,2,0,0
BRDA:65,2,1,0
BRDA:65,3,0,0
BRDA:65,3,1,0
BRDA:73,4,0,0
BRDA:73,4,1,0
BRDA:73,5,0,0
BRDA:73,5,1,0
BRDA:98,6,0,0
BRDA:98,6,1,1
BRF:14
BRH:1
end_of_record
TN:
SF:/home/balraj/Desktop/Coding/angular-ui/src/app/locations/location-list/location-list.component.ts
FN:45,(anonymous_0)
FN:41,(anonymous_1)
FN:51,(anonymous_2)
FN:52,(anonymous_3)
FN:70,(anonymous_4)
FN:74,(anonymous_5)
FN:82,(anonymous_6)
FN:86,(anonymous_7)
FN:96,(anonymous_8)
FNF:9
FNH:3
FNDA:1,(anonymous_0)
FNDA:0,(anonymous_1)
FNDA:1,(anonymous_2)
FNDA:0,(anonymous_3)
FNDA:0,(anonymous_4)
FNDA:0,(anonymous_5)
FNDA:0,(anonymous_6)
FNDA:0,(anonymous_7)
FNDA:1,(anonymous_8)
DA:10,1
DA:11,1
DA:12,1
DA:13,1
DA:14,1
DA:16,1
DA:39,1
DA:42,0
DA:46,1
DA:47,1
DA:48,1
DA:52,1
DA:53,0
DA:54,0
DA:55,0
DA:56,0
DA:64,0
DA:65,0
DA:71,0
DA:75,0
DA:76,0
DA:78,0
DA:83,0
DA:84,0
DA:87,0
DA:88,0
DA:92,0
DA:97,1
LF:28
LH:12
BRDA:54,0,0,0
BRDA:54,0,1,0
BRDA:54,1,0,0
BRDA:54,1,1,0
BRDA:75,2,0,0
BRDA:75,2,1,0
BRDA:83,3,0,0
BRDA:83,3,1,0
BRDA:87,4,0,0
BRDA:87,4,1,0
BRDA:87,5,0,0
BRDA:87,5,1,0
BRF:12
BRH:0
end_of_record
TN:
SF:/home/balraj/Desktop/Coding/angular-ui/src/app/material/material.module.ts
FNF:0
FNH:0
DA:71,1
LF:1
LH:1
BRF:0
BRH:0
end_of_record
TN:
SF:/home/balraj/Desktop/Coding/angular-ui/src/app/shared/shared.module.ts
FNF:0
FNH:0
DA:15,1
LF:1
LH:1
BRF:0
BRH:0
end_of_record
TN:
SF:/home/balraj/Desktop/Coding/angular-ui/src/app/shared/angular-grid/angular-grid.component.ts
FN:31,(anonymous_0)
FN:33,(anonymous_1)
FN:39,(anonymous_2)
FN:46,(anonymous_3)
FN:49,(anonymous_4)
FN:54,(anonymous_5)
FN:61,(anonymous_6)
FN:66,(anonymous_7)
FN:70,(anonymous_8)
FNF:9
FNH:2
FNDA:1,(anonymous_0)
FNDA:0,(anonymous_1)
FNDA:0,(anonymous_2)
FNDA:0,(anonymous_3)
FNDA:0,(anonymous_4)
FNDA:0,(anonymous_5)
FNDA:0,(anonymous_6)
FNDA:1,(anonymous_7)
FNDA:0,(anonymous_8)
DA:18,1
DA:20,1
DA:25,1
DA:26,1
DA:27,1
DA:28,1
DA:29,1
DA:34,0
DA:35,0
DA:40,0
DA:41,0
DA:42,0
DA:47,0
DA:49,0
DA:50,0
DA:55,0
DA:56,0
DA:58,0
DA:62,0
DA:63,0
DA:71,0
DA:72,0
DA:73,0
DA:74,0
LF:24
LH:7
BRDA:48,0,0,0
BRDA:48,0,1,0
BRDA:55,1,0,0
BRDA:55,1,1,0
BRDA:56,2,0,0
BRDA:56,2,1,0
BRDA:58,3,0,0
BRDA:58,3,1,0
BRF:8
BRH:0
end_of_record
TN:
SF:/home/balraj/Desktop/Coding/angular-ui/src/app/shared/angular-popup/angular-popup.component.ts
FN:18,(anonymous_0)
FN:23,(anonymous_1)
FN:29,(anonymous_2)
FN:35,(anonymous_3)
FNF:4
FNH:2
FNDA:2,(anonymous_0)
FNDA:0,(anonymous_1)
FNDA:0,(anonymous_2)
FNDA:2,(anonymous_3)
DA:16,1
DA:18,2
DA:19,2
DA:24,0
DA:25,0
DA:30,0
DA:36,2
DA:37,1
DA:38,1
DA:39,0
DA:40,0
DA:41,1
DA:42,0
DA:43,0
DA:44,1
DA:45,0
DA:46,0
DA:47,1
DA:48,0
DA:49,0
DA:50,1
DA:51,0
DA:52,0
LF:23
LH:10
BRDA:24,0,0,0
BRDA:24,0,1,0
BRDA:36,1,0,1
BRDA:36,1,1,1
BRDA:38,2,0,0
BRDA:38,2,1,1
BRDA:41,3,0,0
BRDA:41,3,1,1
BRDA:44,4,0,0
BRDA:44,4,1,1
BRDA:47,5,0,0
BRDA:47,5,1,1
BRDA:50,6,0,0
BRDA:50,6,1,1
BRF:14
BRH:7
end_of_record
TN:
SF:/home/balraj/Desktop/Coding/angular-ui/src/app/tour-packages/tour-packages-routing.module.ts
FNF:0
FNH:0
DA:5,1
DA:18,1
LF:2
LH:2
BRF:0
BRH:0
end_of_record
TN:
SF:/home/balraj/Desktop/Coding/angular-ui/src/app/tour-packages/tour-packages.module.ts
FNF:0
FNH:0
DA:21,1
LF:1
LH:1
BRF:0
BRH:0
end_of_record
TN:
SF:/home/balraj/Desktop/Coding/angular-ui/src/app/tour-packages/tour-packages.service.ts
FN:6,(anonymous_0)
FN:8,(anonymous_1)
FN:12,(anonymous_2)
FN:16,(anonymous_3)
FNF:4
FNH:2
FNDA:2,(anonymous_0)
FNDA:1,(anonymous_1)
FNDA:0,(anonymous_2)
FNDA:0,(anonymous_3)
DA:5,1
DA:6,2
DA:9,1
DA:13,0
DA:17,0
LF:5
LH:3
BRF:0
BRH:0
end_of_record
TN:
SF:/home/balraj/Desktop/Coding/angular-ui/src/app/tour-packages/all-tour-packages/all-tour-packages.component.ts
FN:15,(anonymous_0)
FN:17,(anonymous_1)
FN:18,(anonymous_2)
FN:35,(anonymous_3)
FN:43,(anonymous_4)
FN:50,(anonymous_5)
FNF:6
FNH:3
FNDA:1,(anonymous_0)
FNDA:1,(anonymous_1)
FNDA:0,(anonymous_2)
FNDA:0,(anonymous_3)
FNDA:0,(anonymous_4)
FNDA:1,(anonymous_5)
DA:11,1
DA:13,1
DA:15,1
DA:18,1
DA:19,0
DA:20,0
DA:21,0
DA:22,0
DA:23,0
DA:25,0
DA:26,0
DA:28,0
DA:30,0
DA:36,0
DA:37,0
DA:43,0
DA:44,0
DA:45,0
DA:51,1
LF:19
LH:5
BRDA:19,0,0,0
BRDA:19,0,1,0
BRDA:19,1,0,0
BRDA:19,1,1,0
BRDA:22,2,0,0
BRDA:22,2,1,0
BRDA:25,3,0,0
BRDA:25,3,1,0
BRDA:44,4,0,0
BRDA:44,4,1,0
BRDA:44,5,0,0
BRDA:44,5,1,0
BRF:12
BRH:0
end_of_record
TN:
SF:/home/balraj/Desktop/Coding/angular-ui/src/app/tours/tour-resolver.service.ts
FN:8,(anonymous_0)
FN:10,(anonymous_1)
FNF:2
FNH:1
FNDA:1,(anonymous_0)
FNDA:0,(anonymous_1)
DA:6,1
DA:8,1
DA:11,0
LF:3
LH:2
BRF:0
BRH:0
end_of_record
TN:
SF:/home/balraj/Desktop/Coding/angular-ui/src/app/tours/tour.service.ts
FN:7,(anonymous_0)
FN:9,(anonymous_1)
FN:13,(anonymous_2)
FN:17,(anonymous_3)
FN:21,(anonymous_4)
FN:25,(anonymous_5)
FN:29,(anonymous_6)
FNF:7
FNH:2
FNDA:4,(anonymous_0)
FNDA:0,(anonymous_1)
FNDA:0,(anonymous_2)
FNDA:0,(anonymous_3)
FNDA:0,(anonymous_4)
FNDA:0,(anonymous_5)
FNDA:1,(anonymous_6)
DA:5,1
DA:7,4
DA:10,0
DA:14,0
DA:18,0
DA:22,0
DA:26,0
DA:30,1
LF:8
LH:3
BRF:0
BRH:0
end_of_record
TN:
SF:/home/balraj/Desktop/Coding/angular-ui/src/app/tours/tours-routing.module.ts
FNF:0
FNH:0
DA:7,1
DA:29,1
LF:2
LH:2
BRF:0
BRH:0
end_of_record
TN:
SF:/home/balraj/Desktop/Coding/angular-ui/src/app/tours/tours.module.ts
FNF:0
FNH:0
DA:26,1
LF:1
LH:1
BRF:0
BRH:0
end_of_record
TN:
SF:/home/balraj/Desktop/Coding/angular-ui/src/app/tours/add-tour/add-tour.component.ts
FN:31,(anonymous_0)
FN:33,(anonymous_1)
FN:36,(anonymous_2)
FN:43,(anonymous_3)
FN:44,(anonymous_4)
FN:51,(anonymous_5)
FN:52,(anonymous_6)
FN:59,(anonymous_7)
FN:76,(anonymous_8)
FN:80,(anonymous_9)
FN:81,(anonymous_10)
FN:101,(anonymous_11)
FN:102,(anonymous_12)
FNF:13
FNH:4
FNDA:1,(anonymous_0)
FNDA:0,(anonymous_1)
FNDA:0,(anonymous_2)
FNDA:0,(anonymous_3)
FNDA:0,(anonymous_4)
FNDA:0,(anonymous_5)
FNDA:0,(anonymous_6)
FNDA:0,(anonymous_7)
FNDA:0,(anonymous_8)
FNDA:1,(anonymous_9)
FNDA:0,(anonymous_10)
FNDA:1,(anonymous_11)
FNDA:1,(anonymous_12)
DA:11,1
DA:13,1
DA:14,1
DA:15,1
DA:16,1
DA:18,1
DA:31,1
DA:34,0
DA:35,0
DA:36,0
DA:37,0
DA:38,0
DA:44,0
DA:45,0
DA:46,0
DA:52,0
DA:53,0
DA:54,0
DA:60,0
DA:72,0
DA:73,0
DA:77,0
DA:81,1
DA:82,0
DA:83,0
DA:84,0
DA:85,0
DA:86,0
DA:95,0
DA:102,1
DA:103,1
DA:104,0
DA:108,1
LF:33
LH:11
BRDA:37,0,0,0
BRDA:37,0,1,0
BRDA:37,1,0,0
BRDA:37,1,1,0
BRDA:45,2,0,0
BRDA:45,2,1,0
BRDA:45,3,0,0
BRDA:45,3,1,0
BRDA:53,4,0,0
BRDA:53,4,1,0
BRDA:53,5,0,0
BRDA:53,5,1,0
BRDA:82,6,0,0
BRDA:82,6,1,0
BRDA:103,7,0,0
BRDA:103,7,1,1
BRF:16
BRH:1
end_of_record
TN:
SF:/home/balraj/Desktop/Coding/angular-ui/src/app/tours/tour-list/tour-list.component.ts
FN:51,(anonymous_0)
FN:47,(anonymous_1)
FN:53,(anonymous_2)
FN:54,(anonymous_3)
FN:72,(anonymous_4)
FN:76,(anonymous_5)
FN:84,(anonymous_6)
FN:86,(anonymous_7)
FN:96,(anonymous_8)
FN:97,(anonymous_9)
FNF:10
FNH:3
FNDA:1,(anonymous_0)
FNDA:0,(anonymous_1)
FNDA:0,(anonymous_2)
FNDA:0,(anonymous_3)
FNDA:0,(anonymous_4)
FNDA:0,(anonymous_5)
FNDA:0,(anonymous_6)
FNDA:0,(anonymous_7)
FNDA:1,(anonymous_8)
FNDA:1,(anonymous_9)
DA:11,1
DA:13,1
DA:14,1
DA:15,1
DA:16,1
DA:18,1
DA:45,1
DA:48,0
DA:51,1
DA:54,0
DA:55,0
DA:56,0
DA:57,0
DA:58,0
DA:59,0
DA:61,0
DA:62,0
DA:64,0
DA:66,0
DA:67,0
DA:73,0
DA:77,0
DA:78,0
DA:80,0
DA:85,0
DA:86,0
DA:87,0
DA:88,0
DA:92,0
DA:97,1
DA:98,1
DA:99,0
DA:100,0
DA:101,0
DA:102,0
DA:104,0
DA:105,0
DA:107,0
DA:109,0
LF:39
LH:10
BRDA:55,0,0,0
BRDA:55,0,1,0
BRDA:55,1,0,0
BRDA:55,1,1,0
BRDA:58,2,0,0
BRDA:58,2,1,0
BRDA:61,3,0,0
BRDA:61,3,1,0
BRDA:77,4,0,0
BRDA:77,4,1,0
BRDA:85,5,0,0
BRDA:85,5,1,0
BRDA:87,6,0,0
BRDA:87,6,1,0
BRDA:87,7,0,0
BRDA:87,7,1,0
BRDA:98,8,0,0
BRDA:98,8,1,1
BRDA:98,9,0,1
BRDA:98,9,1,0
BRDA:101,10,0,0
BRDA:101,10,1,0
BRDA:101,11,0,0
BRDA:101,11,1,0
BRDA:104,12,0,0
BRDA:104,12,1,0
BRF:26
BRH:2
end_of_record
TN:
SF:/home/balraj/Desktop/Coding/angular-ui/src/app/users/users-routing.module.ts
FNF:0
FNH:0
DA:6,1
DA:26,1
LF:2
LH:2
BRF:0
BRH:0
end_of_record
TN:
SF:/home/balraj/Desktop/Coding/angular-ui/src/app/users/users.module.ts
FNF:0
FNH:0
DA:24,1
LF:1
LH:1
BRF:0
BRH:0
end_of_record
TN:
SF:/home/balraj/Desktop/Coding/angular-ui/src/app/users/users.service.ts
FN:9,(anonymous_0)
FN:11,(anonymous_1)
FN:15,(anonymous_2)
FN:19,(anonymous_3)
FN:23,(anonymous_4)
FN:27,(anonymous_5)
FNF:6
FNH:2
FNDA:3,(anonymous_0)
FNDA:1,(anonymous_1)
FNDA:0,(anonymous_2)
FNDA:0,(anonymous_3)
FNDA:0,(anonymous_4)
FNDA:0,(anonymous_5)
DA:5,1
DA:7,3
DA:9,3
DA:12,1
DA:16,0
DA:20,0
DA:24,0
DA:28,0
LF:8
LH:4
BRF:0
BRH:0
end_of_record
TN:
SF:/home/balraj/Desktop/Coding/angular-ui/src/app/users/add-user/add-user.component.ts
FN:26,(anonymous_0)
FN:28,(anonymous_1)
FN:31,(anonymous_2)
FN:38,(anonymous_3)
FN:39,(anonymous_4)
FN:46,(anonymous_5)
FN:47,(anonymous_6)
FN:54,(anonymous_7)
FN:60,(anonymous_8)
FN:64,(anonymous_9)
FN:65,(anonymous_10)
FNF:11
FNH:3
FNDA:1,(anonymous_0)
FNDA:0,(anonymous_1)
FNDA:0,(anonymous_2)
FNDA:0,(anonymous_3)
FNDA:0,(anonymous_4)
FNDA:0,(anonymous_5)
FNDA:0,(anonymous_6)
FNDA:0,(anonymous_7)
FNDA:0,(anonymous_8)
FNDA:1,(anonymous_9)
FNDA:1,(anonymous_10)
DA:12,1
DA:14,1
DA:15,1
DA:17,1
DA:26,1
DA:29,0
DA:30,0
DA:31,0
DA:32,0
DA:33,0
DA:39,0
DA:40,0
DA:41,0
DA:47,0
DA:48,0
DA:49,0
DA:55,0
DA:56,0
DA:57,0
DA:61,0
DA:65,1
DA:66,1
DA:67,0
LF:23
LH:7
BRDA:32,0,0,0
BRDA:32,0,1,0
BRDA:32,1,0,0
BRDA:32,1,1,0
BRDA:40,2,0,0
BRDA:40,2,1,0
BRDA:40,3,0,0
BRDA:40,3,1,0
BRDA:48,4,0,0
BRDA:48,4,1,0
BRDA:48,5,0,0
BRDA:48,5,1,0
BRDA:66,6,0,0
BRDA:66,6,1,1
BRF:14
BRH:1
end_of_record
TN:
SF:/home/balraj/Desktop/Coding/angular-ui/src/app/users/user-list/user-list.component.ts
FN:42,(anonymous_0)
FN:38,(anonymous_1)
FN:44,(anonymous_2)
FN:45,(anonymous_3)
FN:52,(anonymous_4)
FN:56,(anonymous_5)
FN:60,(anonymous_6)
FN:64,(anonymous_7)
FN:66,(anonymous_8)
FN:76,(anonymous_9)
FNF:10
FNH:3
FNDA:1,(anonymous_0)
FNDA:0,(anonymous_1)
FNDA:1,(anonymous_2)
FNDA:0,(anonymous_3)
FNDA:0,(anonymous_4)
FNDA:0,(anonymous_5)
FNDA:0,(anonymous_6)
FNDA:0,(anonymous_7)
FNDA:0,(anonymous_8)
FNDA:1,(anonymous_9)
DA:11,1
DA:13,1
DA:14,1
DA:15,1
DA:17,1
DA:35,1
DA:36,1
DA:39,0
DA:42,1
DA:45,1
DA:46,0
DA:47,0
DA:53,0
DA:57,0
DA:61,0
DA:65,0
DA:66,0
DA:67,0
DA:68,0
DA:72,0
DA:77,1
LF:21
LH:10
BRDA:46,0,0,0
BRDA:46,0,1,0
BRDA:46,1,0,0
BRDA:46,1,1,0
BRDA:65,2,0,0
BRDA:65,2,1,0
BRDA:67,3,0,0
BRDA:67,3,1,0
BRDA:67,4,0,0
BRDA:67,4,1,0
BRF:10
BRH:0
end_of_record
TN:
SF:/home/balraj/Desktop/Coding/angular-ui/src/app/util/ajax.service.ts
FN:13,(anonymous_0)
FN:15,(anonymous_1)
FN:23,(anonymous_2)
FN:27,(anonymous_3)
FN:31,(anonymous_4)
FN:35,(anonymous_5)
FN:39,(anonymous_6)
FNF:7
FNH:4
FNDA:28,(anonymous_0)
FNDA:1,(anonymous_1)
FNDA:3,(anonymous_2)
FNDA:0,(anonymous_3)
FNDA:0,(anonymous_4)
FNDA:0,(anonymous_5)
FNDA:2,(anonymous_6)
DA:9,1
DA:11,28
DA:13,28
DA:16,1
DA:17,1
DA:18,2
DA:20,1
DA:24,3
DA:28,0
DA:32,0
DA:36,0
DA:40,2
DA:41,2
LF:13
LH:10
BRF:0
BRH:0
end_of_record
TN:
SF:/home/balraj/Desktop/Coding/angular-ui/src/app/util/interceptor.service.ts
FN:12,(anonymous_0)
FN:14,(anonymous_1)
FN:39,(anonymous_2)
FN:40,(anonymous_3)
FN:45,(anonymous_4)
FNF:5
FNH:3
FNDA:2,(anonymous_0)
FNDA:1,(anonymous_1)
FNDA:2,(anonymous_2)
FNDA:0,(anonymous_3)
FNDA:0,(anonymous_4)
DA:10,1
DA:12,2
DA:16,1
DA:24,1
DA:30,1
DA:31,1
DA:34,1
DA:38,1
DA:40,2
DA:41,0
DA:43,2
DA:46,0
DA:47,0
LF:13
LH:10
BRDA:30,0,0,1
BRDA:30,0,1,0
BRF:2
BRH:1
end_of_record
